<?xml version="1.0" encoding="UTF-8"?>
<!-- Generated by org.testng.reporters.JUnitReportReporter -->
<testsuite hostname="DESKTOP-A6TUB9A" name="com.first_demo.LoginTest" tests="2" failures="0" timestamp="24 Jan 2018 14:16:27 GMT" time="4.388" errors="0">
  <testcase name="logintest01" time="1.350" classname="com.first_demo.LoginTest"/>
  <testcase name="faillogintest01" time="3.038" classname="com.first_demo.LoginTest"/>
</testsuite> <!-- com.first_demo.LoginTest -->
